<?xml version="1.0" encoding="UTF-8"?>
<!-- Generated by org.testng.reporters.JUnitReportReporter -->
<testsuite hostname="LTMY000475" failures="0" tests="3" name="getRequests.SingleUserDetails" time="3.109" errors="0" timestamp="2023-06-28T11:33:39 MYT" skipped="0">
  <testcase classname="getRequests.SingleUserDetails" name="getDetails" time="2.204"/>
  <system-out/>
  <testcase classname="getRequests.SingleUserDetails" name="postdata" time="0.479"/>
  <system-out/>
  <testcase classname="getRequests.SingleUserDetails" name="put" time="0.426"/>
  <system-out/>
</testsuite> <!-- getRequests.SingleUserDetails -->
